{"uid":"ed052a6597d49f03","name":"test_login_page","fullName":"tests.test_login#test_login_page","historyId":"04e371c36edeee0296180bbbafe58878","time":{"start":1761909151076,"stop":1761909154313,"duration":3237},"status":"failed","statusMessage":"AssertionError: Expected title to be Swag Labs but got Swag Labs\nassert 'Swag Labs' == 'Swg Labs'\n  \n  \u001B[0m\u001B[91m- Swg Labs\u001B[39;49;00m\u001B[90m\u001B[39;49;00m\n  \u001B[92m+ Swag Labs\u001B[39;49;00m\u001B[90m\u001B[39;49;00m\n  ?   +\u001B[90m\u001B[39;49;00m","statusTrace":"setup_teardown = <selenium.webdriver.chrome.webdriver.WebDriver (session=\"e3f8113771329c95480f5857b25d34f6\")>\n\n    def test_login_page(setup_teardown):\n        logger.info(f\"Starting test: test valid login user\")\n        driver = setup_teardown\n        login_page = LoginPage(driver)\n       # login_page = LoginPage()\n        login_page.open_url(login_page.URL)\n        logger.info(\"Navigated to Login page\")\n        username =\"standard_user\"\n    \n        try:\n            login_page.enter_username(username)\n            logger.info(\"Entering username in text field\")\n            sleep(2)\n        except Exception as e:\n            print(e.__repr__())\n        login_page.enter_password(\"secret_sauce\")\n        logger.info(\"Entered password in text field\")\n        login_page.click_login_btn()\n        logger.info(\"Clicked login button successfully\")\n        logger.info(\"Login test completed successfully\")\n        expected_result = \"Swg Labs\"\n>       assert login_page.driver.title == expected_result, f\"Expected title to be Swag Labs but got {login_page.driver.title\n        }\"\nE       AssertionError: Expected title to be Swag Labs but got Swag Labs\nE       assert 'Swag Labs' == 'Swg Labs'\nE         \nE         \u001B[0m\u001B[91m- Swg Labs\u001B[39;49;00m\u001B[90m\u001B[39;49;00m\nE         \u001B[92m+ Swag Labs\u001B[39;49;00m\u001B[90m\u001B[39;49;00m\nE         ?   +\u001B[90m\u001B[39;49;00m\n\ntests\\test_login.py:30: AssertionError","flaky":false,"newFailed":false,"newBroken":false,"newPassed":false,"retriesCount":0,"retriesStatusChange":false,"beforeStages":[{"name":"setup_teardown","time":{"start":1761909149481,"stop":1761909151074,"duration":1593},"status":"passed","steps":[],"attachments":[],"parameters":[],"attachmentStep":false,"stepsCount":0,"hasContent":false,"attachmentsCount":0,"shouldDisplayMessage":false}],"testStage":{"status":"failed","statusMessage":"AssertionError: Expected title to be Swag Labs but got Swag Labs\nassert 'Swag Labs' == 'Swg Labs'\n  \n  \u001B[0m\u001B[91m- Swg Labs\u001B[39;49;00m\u001B[90m\u001B[39;49;00m\n  \u001B[92m+ Swag Labs\u001B[39;49;00m\u001B[90m\u001B[39;49;00m\n  ?   +\u001B[90m\u001B[39;49;00m","statusTrace":"setup_teardown = <selenium.webdriver.chrome.webdriver.WebDriver (session=\"e3f8113771329c95480f5857b25d34f6\")>\n\n    def test_login_page(setup_teardown):\n        logger.info(f\"Starting test: test valid login user\")\n        driver = setup_teardown\n        login_page = LoginPage(driver)\n       # login_page = LoginPage()\n        login_page.open_url(login_page.URL)\n        logger.info(\"Navigated to Login page\")\n        username =\"standard_user\"\n    \n        try:\n            login_page.enter_username(username)\n            logger.info(\"Entering username in text field\")\n            sleep(2)\n        except Exception as e:\n            print(e.__repr__())\n        login_page.enter_password(\"secret_sauce\")\n        logger.info(\"Entered password in text field\")\n        login_page.click_login_btn()\n        logger.info(\"Clicked login button successfully\")\n        logger.info(\"Login test completed successfully\")\n        expected_result = \"Swg Labs\"\n>       assert login_page.driver.title == expected_result, f\"Expected title to be Swag Labs but got {login_page.driver.title\n        }\"\nE       AssertionError: Expected title to be Swag Labs but got Swag Labs\nE       assert 'Swag Labs' == 'Swg Labs'\nE         \nE         \u001B[0m\u001B[91m- Swg Labs\u001B[39;49;00m\u001B[90m\u001B[39;49;00m\nE         \u001B[92m+ Swag Labs\u001B[39;49;00m\u001B[90m\u001B[39;49;00m\nE         ?   +\u001B[90m\u001B[39;49;00m\n\ntests\\test_login.py:30: AssertionError","steps":[],"attachments":[{"uid":"a12f389ac8a48bf0","name":"test_login_page","source":"a12f389ac8a48bf0.png","type":"image/png","size":320462},{"uid":"a08c63c43d8f5ee6","name":"log","source":"a08c63c43d8f5ee6.txt","type":"text/plain","size":694},{"uid":"790e66b855569100","name":"stdout","source":"790e66b855569100.txt","type":"text/plain","size":24},{"uid":"c5605da9c691fc23","name":"stderr","source":"c5605da9c691fc23.txt","type":"text/plain","size":709}],"parameters":[],"attachmentStep":false,"stepsCount":0,"hasContent":true,"attachmentsCount":4,"shouldDisplayMessage":true},"afterStages":[{"name":"setup_teardown::0","time":{"start":1761909154646,"stop":1761909156921,"duration":2275},"status":"passed","steps":[],"attachments":[],"parameters":[],"attachmentStep":false,"stepsCount":0,"hasContent":false,"attachmentsCount":0,"shouldDisplayMessage":false}],"labels":[{"name":"parentSuite","value":"tests"},{"name":"suite","value":"test_login"},{"name":"host","value":"Ravi_Guru"},{"name":"thread","value":"22656-MainThread"},{"name":"framework","value":"pytest"},{"name":"language","value":"cpython3"},{"name":"package","value":"tests.test_login"},{"name":"resultFormat","value":"allure2"}],"parameters":[],"links":[],"hidden":false,"retry":false,"extra":{"severity":"normal","retries":[],"categories":[{"name":"Product defects","matchedStatuses":[]}],"tags":[]},"source":"ed052a6597d49f03.json","parameterValues":[]}